19:07:06 **** Incremental Build of configuration Debug for project Arst ****
make all 
Invoking: Print Size
avr-size --format=avr --mcu=atmega328p Arst.elf
AVR Memory Usage
----------------
Device: atmega328p

Program:    6568 bytes (20.0% Full)
(.text + .data + .bootloader)

Data:         99 bytes (4.8% Full)
(.data + .bss + .noinit)


Finished building: sizedummy
 
19:09:16 **** Incremental Build of configuration Release for project Arst ****
make all 
Building file: ../src/main.cc
Invoking: AVR C++ Compiler
avr-g++ -Wall -Os -fpack-struct -fshort-enums -funsigned-char -funsigned-bitfields -fno-exceptions -mmcu=atmega328p -DF_CPU=20000000UL -MMD -MP -MF"src/main.d" -MT"src/main.d" -c -o "src/main.o" "../src/main.cc"
Finished building: ../src/main.cc
 
Building target: Arst.elf
Invoking: AVR C++ Linker
avr-g++ -Wl,-Map,Arst.map,--cref -mmcu=atmega328p -o "Arst.elf"  ./src/main.o   
./src/main.o: In function `main':
main.cc:(.text+0x9c): undefined reference to `print'
main.cc:(.text+0xa4): undefined reference to `play'
main.cc:(.text+0xbc): undefined reference to `delay_ms'
main.cc:(.text+0xd4): undefined reference to `delay_ms'
collect2: ld returned 1 exit status
make: *** [Arst.elf] Error 1
19:11:48 **** Incremental Build of configuration Release for project Arst ****
make all 
Building target: Arst.elf
Invoking: AVR C++ Linker
avr-g++ -Wl,-Map,Arst.map,--cref -mmcu=atmega328p -o "Arst.elf"  ./src/main.o   -lpololu_atmega328p
Finished building target: Arst.elf
 
Invoking: AVR Create Extended Listing
avr-objdump -h -S Arst.elf  >"Arst.lss"
Finished building: Arst.lss
 
Create Flash image (ihex format)
avr-objcopy -R .eeprom -O ihex Arst.elf  "Arst.hex"
Finished building: Arst.hex
 
Create eeprom image (ihex format)
avr-objcopy -j .eeprom --no-change-warnings --change-section-lma .eeprom=0 -O ihex Arst.elf  "Arst.eep"
Finished building: Arst.eep
 
Invoking: Print Size
avr-size --format=avr --mcu=atmega328p Arst.elf
AVR Memory Usage
----------------
Device: atmega328p

Program:    5968 bytes (18.2% Full)
(.text + .data + .bootloader)

Data:         99 bytes (4.8% Full)
(.data + .bss + .noinit)


Finished building: sizedummy
 
19:38:42 **** Incremental Build of configuration Release for project Arst ****
make all 
Building target: Arst.elf
Invoking: AVR C++ Linker
avr-g++ -Wl,-Map,Arst.map,--cref -mmcu=atmega328p -o "Arst.elf"  ./src/main.o   -lpololu_atmega328p
Finished building target: Arst.elf
 
Invoking: AVR Create Extended Listing
avr-objdump -h -S Arst.elf  >"Arst.lss"
Finished building: Arst.lss
 
Create Flash image (ihex format)
avr-objcopy -R .eeprom -O ihex Arst.elf  "Arst.hex"
Finished building: Arst.hex
 
Create eeprom image (ihex format)
avr-objcopy -j .eeprom --no-change-warnings --change-section-lma .eeprom=0 -O ihex Arst.elf  "Arst.eep"
Finished building: Arst.eep
 
Invoking: Print Size
avr-size --format=avr --mcu=atmega328p Arst.elf
AVR Memory Usage
----------------
Device: atmega328p

Program:    5968 bytes (18.2% Full)
(.text + .data + .bootloader)

Data:         99 bytes (4.8% Full)
(.data + .bss + .noinit)


Finished building: sizedummy
 
19:39:26 **** Incremental Build of configuration Release for project Arst ****
make all 
Invoking: Print Size
avr-size --format=avr --mcu=atmega328p Arst.elf
AVR Memory Usage
----------------
Device: atmega328p

Program:    5968 bytes (18.2% Full)
(.text + .data + .bootloader)

Data:         99 bytes (4.8% Full)
(.data + .bss + .noinit)


Finished building: sizedummy
 
19:39:40 **** Incremental Build of configuration Debug for project Arst ****
make all 
Building target: Arst.elf
Invoking: AVR C++ Linker
avr-g++ -Wl,-Map,Arst.map,--cref -mmcu=atmega328p -o "Arst.elf"  ./src/main.o   -lpololu_atmega328p
Finished building target: Arst.elf
 
Invoking: AVR Create Extended Listing
avr-objdump -h -S Arst.elf  >"Arst.lss"
Finished building: Arst.lss
 
Invoking: Print Size
avr-size --format=avr --mcu=atmega328p Arst.elf
AVR Memory Usage
----------------
Device: atmega328p

Program:    6568 bytes (20.0% Full)
(.text + .data + .bootloader)

Data:         99 bytes (4.8% Full)
(.data + .bss + .noinit)


Finished building: sizedummy
 
19:39:45 **** Incremental Build of configuration Debug for project Arst ****
make all 
Invoking: Print Size
avr-size --format=avr --mcu=atmega328p Arst.elf
AVR Memory Usage
----------------
Device: atmega328p

Program:    6568 bytes (20.0% Full)
(.text + .data + .bootloader)

Data:         99 bytes (4.8% Full)
(.data + .bss + .noinit)


Finished building: sizedummy
 
19:46:50 **** Incremental Build of configuration Debug for project Arst ****
make all 
Invoking: Print Size
avr-size --format=avr --mcu=atmega328p Arst.elf
AVR Memory Usage
----------------
Device: atmega328p

Program:    6568 bytes (20.0% Full)
(.text + .data + .bootloader)

Data:         99 bytes (4.8% Full)
(.data + .bss + .noinit)


Finished building: sizedummy
 
19:46:53 **** Incremental Build of configuration Debug for project Arst ****
make all 
Invoking: Print Size
avr-size --format=avr --mcu=atmega328p Arst.elf
AVR Memory Usage
----------------
Device: atmega328p

Program:    6568 bytes (20.0% Full)
(.text + .data + .bootloader)

Data:         99 bytes (4.8% Full)
(.data + .bss + .noinit)


Finished building: sizedummy
 
19:47:02 **** Incremental Build of configuration Debug for project Arst ****
make all 
Invoking: Print Size
avr-size --format=avr --mcu=atmega328p Arst.elf
AVR Memory Usage
----------------
Device: atmega328p

Program:    6568 bytes (20.0% Full)
(.text + .data + .bootloader)

Data:         99 bytes (4.8% Full)
(.data + .bss + .noinit)


Finished building: sizedummy
 
19:47:34 **** Incremental Build of configuration Release for project Arst ****
make all 
Invoking: Print Size
avr-size --format=avr --mcu=atmega328p Arst.elf
AVR Memory Usage
----------------
Device: atmega328p

Program:    5968 bytes (18.2% Full)
(.text + .data + .bootloader)

Data:         99 bytes (4.8% Full)
(.data + .bss + .noinit)


Finished building: sizedummy
 
19:47:40 **** Incremental Build of configuration Release for project Arst ****
make all 
Invoking: Print Size
avr-size --format=avr --mcu=atmega328p Arst.elf
AVR Memory Usage
----------------
Device: atmega328p

Program:    5968 bytes (18.2% Full)
(.text + .data + .bootloader)

Data:         99 bytes (4.8% Full)
(.data + .bss + .noinit)


Finished building: sizedummy
 
19:48:15 **** Incremental Build of configuration Release for project Arst ****
make all 
Invoking: Print Size
avr-size --format=avr --mcu=atmega328p Arst.elf
AVR Memory Usage
----------------
Device: atmega328p

Program:    5968 bytes (18.2% Full)
(.text + .data + .bootloader)

Data:         99 bytes (4.8% Full)
(.data + .bss + .noinit)


Finished building: sizedummy
 
19:48:42 **** Incremental Build of configuration Debug for project Arst ****
make all 
Invoking: Print Size
avr-size --format=avr --mcu=atmega328p Arst.elf
AVR Memory Usage
----------------
Device: atmega328p

Program:    6568 bytes (20.0% Full)
(.text + .data + .bootloader)

Data:         99 bytes (4.8% Full)
(.data + .bss + .noinit)


Finished building: sizedummy
 
19:48:44 **** Incremental Build of configuration Debug for project Arst ****
make all 
Invoking: Print Size
avr-size --format=avr --mcu=atmega328p Arst.elf
AVR Memory Usage
----------------
Device: atmega328p

Program:    6568 bytes (20.0% Full)
(.text + .data + .bootloader)

Data:         99 bytes (4.8% Full)
(.data + .bss + .noinit)


Finished building: sizedummy
 
19:50:00 **** Incremental Build of configuration Release for project Arst ****
make all 
Invoking: Print Size
avr-size --format=avr --mcu=atmega328p Arst.elf
AVR Memory Usage
----------------
Device: atmega328p

Program:    5968 bytes (18.2% Full)
(.text + .data + .bootloader)

Data:         99 bytes (4.8% Full)
(.data + .bss + .noinit)


Finished building: sizedummy
 
19:53:26 **** Incremental Build of configuration Debug for project Arst ****
make all 
Building target: Arst.elf
Invoking: AVR C++ Linker
avr-g++ -Wl,-Map,Arst.map,--cref -mmcu=atmega328p -o "Arst.elf"  ./src/main.o   -lpololu_atmega328p
Finished building target: Arst.elf
 
Invoking: AVR Create Extended Listing
avr-objdump -h -S Arst.elf  >"Arst.lss"
Finished building: Arst.lss
 
Invoking: Print Size
avr-size --format=avr --mcu=atmega328p Arst.elf
AVR Memory Usage
----------------
Device: atmega328p

Program:    6568 bytes (20.0% Full)
(.text + .data + .bootloader)

Data:         99 bytes (4.8% Full)
(.data + .bss + .noinit)


Finished building: sizedummy
 
19:53:33 **** Incremental Build of configuration Debug for project Arst ****
make all 
Invoking: Print Size
avr-size --format=avr --mcu=atmega328p Arst.elf
AVR Memory Usage
----------------
Device: atmega328p

Program:    6568 bytes (20.0% Full)
(.text + .data + .bootloader)

Data:         99 bytes (4.8% Full)
(.data + .bss + .noinit)


Finished building: sizedummy
 
19:55:20 **** Incremental Build of configuration Debug for project Arst ****
make all 
Invoking: Print Size
avr-size --format=avr --mcu=atmega328p Arst.elf
AVR Memory Usage
----------------
Device: atmega328p

Program:    6568 bytes (20.0% Full)
(.text + .data + .bootloader)

Data:         99 bytes (4.8% Full)
(.data + .bss + .noinit)


Finished building: sizedummy
 
19:55:29 **** Incremental Build of configuration Debug for project Arst ****
make all 
Invoking: Print Size
avr-size --format=avr --mcu=atmega328p Arst.elf
AVR Memory Usage
----------------
Device: atmega328p

Program:    6568 bytes (20.0% Full)
(.text + .data + .bootloader)

Data:         99 bytes (4.8% Full)
(.data + .bss + .noinit)


Finished building: sizedummy
 
19:56:13 **** Incremental Build of configuration Debug for project Arst ****
make all 
Invoking: Print Size
avr-size --format=avr --mcu=atmega328p Arst.elf
AVR Memory Usage
----------------
Device: atmega328p

Program:    6568 bytes (20.0% Full)
(.text + .data + .bootloader)

Data:         99 bytes (4.8% Full)
(.data + .bss + .noinit)


Finished building: sizedummy
 
19:56:26 **** Incremental Build of configuration Debug for project Arst ****
make all 
Invoking: Print Size
avr-size --format=avr --mcu=atmega328p Arst.elf
AVR Memory Usage
----------------
Device: atmega328p

Program:    6568 bytes (20.0% Full)
(.text + .data + .bootloader)

Data:         99 bytes (4.8% Full)
(.data + .bss + .noinit)


Finished building: sizedummy
 
20:01:40 **** Incremental Build of configuration Debug for project Arst ****
make all 
Invoking: Print Size
avr-size --format=avr --mcu=atmega328p Arst.elf
AVR Memory Usage
----------------
Device: atmega328p

Program:    6568 bytes (20.0% Full)
(.text + .data + .bootloader)

Data:         99 bytes (4.8% Full)
(.data + .bss + .noinit)


Finished building: sizedummy
 
20:03:50 **** Incremental Build of configuration Debug for project Arst ****
make all 
Invoking: Print Size
avr-size --format=avr --mcu=atmega328p Arst.elf
AVR Memory Usage
----------------
Device: atmega328p

Program:    6568 bytes (20.0% Full)
(.text + .data + .bootloader)

Data:         99 bytes (4.8% Full)
(.data + .bss + .noinit)


Finished building: sizedummy
 
20:12:17 **** Incremental Build of configuration Release for project Arst ****
make all 
Building file: ../src/main.cc
Invoking: AVR C++ Compiler
avr-g++ -Wall -Os -fpack-struct -fshort-enums -funsigned-char -funsigned-bitfields -fno-exceptions -mmcu=atmega328p -DF_CPU=20000000UL -MMD -MP -MF"src/main.d" -MT"src/main.d" -c -o "src/main.o" "../src/main.cc"
Finished building: ../src/main.cc
 
Building target: Arst.elf
Invoking: AVR C++ Linker
avr-g++ -Wl,-Map,Arst.map,--cref -mmcu=atmega328p -o "Arst.elf"  ./src/main.o   -lpololu_atmega328p
Finished building target: Arst.elf
 
Invoking: AVR Create Extended Listing
avr-objdump -h -S Arst.elf  >"Arst.lss"
Finished building: Arst.lss
 
Create Flash image (ihex format)
avr-objcopy -R .eeprom -O ihex Arst.elf  "Arst.hex"
Finished building: Arst.hex
 
Create eeprom image (ihex format)
avr-objcopy -j .eeprom --no-change-warnings --change-section-lma .eeprom=0 -O ihex Arst.elf  "Arst.eep"
Finished building: Arst.eep
 
Invoking: Print Size
avr-size --format=avr --mcu=atmega328p Arst.elf
AVR Memory Usage
----------------
Device: atmega328p

Program:    6006 bytes (18.3% Full)
(.text + .data + .bootloader)

Data:        111 bytes (5.4% Full)
(.data + .bss + .noinit)


Finished building: sizedummy
 
20:14:02 **** Incremental Build of configuration Release for project Arst ****
make all 
Invoking: Print Size
avr-size --format=avr --mcu=atmega328p Arst.elf
AVR Memory Usage
----------------
Device: atmega328p

Program:    6006 bytes (18.3% Full)
(.text + .data + .bootloader)

Data:        111 bytes (5.4% Full)
(.data + .bss + .noinit)


Finished building: sizedummy
 
20:14:23 **** Incremental Build of configuration Debug for project Arst ****
make all 
Building file: ../src/main.cc
Invoking: AVR C++ Compiler
avr-g++ -Wall -g2 -gstabs -O0 -fpack-struct -fshort-enums -funsigned-char -funsigned-bitfields -fno-exceptions -mmcu=atmega328p -DF_CPU=20000000UL -MMD -MP -MF"src/main.d" -MT"src/main.d" -c -o "src/main.o" "../src/main.cc"
Finished building: ../src/main.cc
 
Building target: Arst.elf
Invoking: AVR C++ Linker
avr-g++ -Wl,-Map,Arst.map,--cref -mmcu=atmega328p -o "Arst.elf"  ./src/main.o   -lpololu_atmega328p
Finished building target: Arst.elf
 
Invoking: AVR Create Extended Listing
avr-objdump -h -S Arst.elf  >"Arst.lss"
Finished building: Arst.lss
 
Invoking: Print Size
avr-size --format=avr --mcu=atmega328p Arst.elf
AVR Memory Usage
----------------
Device: atmega328p

Program:    6674 bytes (20.4% Full)
(.text + .data + .bootloader)

Data:        111 bytes (5.4% Full)
(.data + .bss + .noinit)


Finished building: sizedummy
 
20:15:01 **** Incremental Build of configuration Debug for project Arst ****
make all 
Invoking: Print Size
avr-size --format=avr --mcu=atmega328p Arst.elf
AVR Memory Usage
----------------
Device: atmega328p

Program:    6674 bytes (20.4% Full)
(.text + .data + .bootloader)

Data:        111 bytes (5.4% Full)
(.data + .bss + .noinit)


Finished building: sizedummy
 
20:15:05 **** Incremental Build of configuration Debug for project Arst ****
make all 
Invoking: Print Size
avr-size --format=avr --mcu=atmega328p Arst.elf
AVR Memory Usage
----------------
Device: atmega328p

Program:    6674 bytes (20.4% Full)
(.text + .data + .bootloader)

Data:        111 bytes (5.4% Full)
(.data + .bss + .noinit)


Finished building: sizedummy
 
20:32:23 **** Incremental Build of configuration Debug for project Arst ****
make all 
Invoking: Print Size
avr-size --format=avr --mcu=atmega328p Arst.elf
AVR Memory Usage
----------------
Device: atmega328p

Program:    6674 bytes (20.4% Full)
(.text + .data + .bootloader)

Data:        111 bytes (5.4% Full)
(.data + .bss + .noinit)


Finished building: sizedummy
 
20:33:38 **** Incremental Build of configuration Debug for project Arst ****
make all 
Invoking: Print Size
avr-size --format=avr --mcu=atmega328p Arst.elf
AVR Memory Usage
----------------
Device: atmega328p

Program:    6674 bytes (20.4% Full)
(.text + .data + .bootloader)

Data:        111 bytes (5.4% Full)
(.data + .bss + .noinit)


Finished building: sizedummy
 
20:33:47 **** Incremental Build of configuration Debug for project Arst ****
make all 
Invoking: Print Size
avr-size --format=avr --mcu=atmega328p Arst.elf
AVR Memory Usage
----------------
Device: atmega328p

Program:    6674 bytes (20.4% Full)
(.text + .data + .bootloader)

Data:        111 bytes (5.4% Full)
(.data + .bss + .noinit)


Finished building: sizedummy
 
20:34:04 **** Incremental Build of configuration Debug for project Arst ****
make all 
Invoking: Print Size
avr-size --format=avr --mcu=atmega328p Arst.elf
AVR Memory Usage
----------------
Device: atmega328p

Program:    6674 bytes (20.4% Full)
(.text + .data + .bootloader)

Data:        111 bytes (5.4% Full)
(.data + .bss + .noinit)


Finished building: sizedummy
 
20:34:30 **** Incremental Build of configuration Debug for project Arst ****
make all 
Invoking: Print Size
avr-size --format=avr --mcu=atmega328p Arst.elf
AVR Memory Usage
----------------
Device: atmega328p

Program:    6674 bytes (20.4% Full)
(.text + .data + .bootloader)

Data:        111 bytes (5.4% Full)
(.data + .bss + .noinit)


Finished building: sizedummy
 
20:35:11 **** Incremental Build of configuration Debug for project Arst ****
make all 
Invoking: Print Size
avr-size --format=avr --mcu=atmega328p Arst.elf
AVR Memory Usage
----------------
Device: atmega328p

Program:    6674 bytes (20.4% Full)
(.text + .data + .bootloader)

Data:        111 bytes (5.4% Full)
(.data + .bss + .noinit)


Finished building: sizedummy
 
20:35:47 **** Incremental Build of configuration Debug for project Arst ****
make all 
Invoking: Print Size
avr-size --format=avr --mcu=atmega328p Arst.elf
AVR Memory Usage
----------------
Device: atmega328p

Program:    6674 bytes (20.4% Full)
(.text + .data + .bootloader)

Data:        111 bytes (5.4% Full)
(.data + .bss + .noinit)


Finished building: sizedummy
 
20:36:00 **** Incremental Build of configuration Debug for project Arst ****
make all 
Invoking: Print Size
avr-size --format=avr --mcu=atmega328p Arst.elf
AVR Memory Usage
----------------
Device: atmega328p

Program:    6674 bytes (20.4% Full)
(.text + .data + .bootloader)

Data:        111 bytes (5.4% Full)
(.data + .bss + .noinit)


Finished building: sizedummy
 
20:36:15 **** Incremental Build of configuration Debug for project Arst ****
make all 
Invoking: Print Size
avr-size --format=avr --mcu=atmega328p Arst.elf
AVR Memory Usage
----------------
Device: atmega328p

Program:    6674 bytes (20.4% Full)
(.text + .data + .bootloader)

Data:        111 bytes (5.4% Full)
(.data + .bss + .noinit)


Finished building: sizedummy
 
20:36:39 **** Incremental Build of configuration Debug for project Arst ****
make all 
Invoking: Print Size
avr-size --format=avr --mcu=atmega328p Arst.elf
AVR Memory Usage
----------------
Device: atmega328p

Program:    6674 bytes (20.4% Full)
(.text + .data + .bootloader)

Data:        111 bytes (5.4% Full)
(.data + .bss + .noinit)


Finished building: sizedummy
 
20:37:01 **** Incremental Build of configuration Debug for project Arst ****
make all 
Invoking: Print Size
avr-size --format=avr --mcu=atmega328p Arst.elf
AVR Memory Usage
----------------
Device: atmega328p

Program:    6674 bytes (20.4% Full)
(.text + .data + .bootloader)

Data:        111 bytes (5.4% Full)
(.data + .bss + .noinit)


Finished building: sizedummy
 
20:37:21 **** Incremental Build of configuration Debug for project Arst ****
make all 
Invoking: Print Size
avr-size --format=avr --mcu=atmega328p Arst.elf
AVR Memory Usage
----------------
Device: atmega328p

Program:    6674 bytes (20.4% Full)
(.text + .data + .bootloader)

Data:        111 bytes (5.4% Full)
(.data + .bss + .noinit)


Finished building: sizedummy
 
20:37:28 **** Incremental Build of configuration Debug for project Arst ****
make all 
Invoking: Print Size
avr-size --format=avr --mcu=atmega328p Arst.elf
AVR Memory Usage
----------------
Device: atmega328p

Program:    6674 bytes (20.4% Full)
(.text + .data + .bootloader)

Data:        111 bytes (5.4% Full)
(.data + .bss + .noinit)


Finished building: sizedummy
 
20:39:35 **** Incremental Build of configuration Debug for project Arst ****
make all 
Invoking: Print Size
avr-size --format=avr --mcu=atmega328p Arst.elf
AVR Memory Usage
----------------
Device: atmega328p

Program:    6674 bytes (20.4% Full)
(.text + .data + .bootloader)

Data:        111 bytes (5.4% Full)
(.data + .bss + .noinit)


Finished building: sizedummy
 
20:39:55 **** Incremental Build of configuration Debug for project Arst ****
make all 
Invoking: Print Size
avr-size --format=avr --mcu=atmega328p Arst.elf
AVR Memory Usage
----------------
Device: atmega328p

Program:    6674 bytes (20.4% Full)
(.text + .data + .bootloader)

Data:        111 bytes (5.4% Full)
(.data + .bss + .noinit)


Finished building: sizedummy
 
20:40:30 **** Incremental Build of configuration Debug for project Arst ****
make all 
Invoking: Print Size
avr-size --format=avr --mcu=atmega328p Arst.elf
AVR Memory Usage
----------------
Device: atmega328p

Program:    6674 bytes (20.4% Full)
(.text + .data + .bootloader)

Data:        111 bytes (5.4% Full)
(.data + .bss + .noinit)


Finished building: sizedummy
 
20:40:39 **** Incremental Build of configuration Debug for project Arst ****
make all 
Invoking: Print Size
avr-size --format=avr --mcu=atmega328p Arst.elf
AVR Memory Usage
----------------
Device: atmega328p

Program:    6674 bytes (20.4% Full)
(.text + .data + .bootloader)

Data:        111 bytes (5.4% Full)
(.data + .bss + .noinit)


Finished building: sizedummy
 
20:42:10 **** Incremental Build of configuration Debug for project Arst ****
make all 
Invoking: Print Size
avr-size --format=avr --mcu=atmega328p Arst.elf
AVR Memory Usage
----------------
Device: atmega328p

Program:    6674 bytes (20.4% Full)
(.text + .data + .bootloader)

Data:        111 bytes (5.4% Full)
(.data + .bss + .noinit)


Finished building: sizedummy
 
20:43:51 **** Incremental Build of configuration Debug for project Arst ****
make all 
Invoking: Print Size
avr-size --format=avr --mcu=atmega328p Arst.elf
AVR Memory Usage
----------------
Device: atmega328p

Program:    6674 bytes (20.4% Full)
(.text + .data + .bootloader)

Data:        111 bytes (5.4% Full)
(.data + .bss + .noinit)


Finished building: sizedummy
 
20:44:03 **** Incremental Build of configuration Debug for project Arst ****
make all 
Invoking: Print Size
avr-size --format=avr --mcu=atmega328p Arst.elf
AVR Memory Usage
----------------
Device: atmega328p

Program:    6674 bytes (20.4% Full)
(.text + .data + .bootloader)

Data:        111 bytes (5.4% Full)
(.data + .bss + .noinit)


Finished building: sizedummy
 
20:44:15 **** Incremental Build of configuration Debug for project Arst ****
make all 
Invoking: Print Size
avr-size --format=avr --mcu=atmega328p Arst.elf
AVR Memory Usage
----------------
Device: atmega328p

Program:    6674 bytes (20.4% Full)
(.text + .data + .bootloader)

Data:        111 bytes (5.4% Full)
(.data + .bss + .noinit)


Finished building: sizedummy
 
20:45:28 **** Incremental Build of configuration Debug for project Arst ****
make all 
Invoking: Print Size
avr-size --format=avr --mcu=atmega328p Arst.elf
AVR Memory Usage
----------------
Device: atmega328p

Program:    6674 bytes (20.4% Full)
(.text + .data + .bootloader)

Data:        111 bytes (5.4% Full)
(.data + .bss + .noinit)


Finished building: sizedummy
 
20:45:36 **** Incremental Build of configuration Debug for project Arst ****
make all 
Invoking: Print Size
avr-size --format=avr --mcu=atmega328p Arst.elf
AVR Memory Usage
----------------
Device: atmega328p

Program:    6674 bytes (20.4% Full)
(.text + .data + .bootloader)

Data:        111 bytes (5.4% Full)
(.data + .bss + .noinit)


Finished building: sizedummy
 
20:46:36 **** Incremental Build of configuration Debug for project Arst ****
make all 
Invoking: Print Size
avr-size --format=avr --mcu=atmega328p Arst.elf
AVR Memory Usage
----------------
Device: atmega328p

Program:    6674 bytes (20.4% Full)
(.text + .data + .bootloader)

Data:        111 bytes (5.4% Full)
(.data + .bss + .noinit)


Finished building: sizedummy
 
20:49:59 **** Incremental Build of configuration Debug for project Arst ****
make all 
Invoking: Print Size
avr-size --format=avr --mcu=atmega328p Arst.elf
AVR Memory Usage
----------------
Device: atmega328p

Program:    6674 bytes (20.4% Full)
(.text + .data + .bootloader)

Data:        111 bytes (5.4% Full)
(.data + .bss + .noinit)


Finished building: sizedummy
 
20:50:33 **** Incremental Build of configuration Debug for project Arst ****
make all 
Invoking: Print Size
avr-size --format=avr --mcu=atmega328p Arst.elf
AVR Memory Usage
----------------
Device: atmega328p

Program:    6674 bytes (20.4% Full)
(.text + .data + .bootloader)

Data:        111 bytes (5.4% Full)
(.data + .bss + .noinit)


Finished building: sizedummy
 
20:52:21 **** Incremental Build of configuration Debug for project Arst ****
make all 
Invoking: Print Size
avr-size --format=avr --mcu=atmega328p Arst.elf
AVR Memory Usage
----------------
Device: atmega328p

Program:    6674 bytes (20.4% Full)
(.text + .data + .bootloader)

Data:        111 bytes (5.4% Full)
(.data + .bss + .noinit)


Finished building: sizedummy
 
20:52:35 **** Incremental Build of configuration Debug for project Arst ****
make all 
Invoking: Print Size
avr-size --format=avr --mcu=atmega328p Arst.elf
AVR Memory Usage
----------------
Device: atmega328p

Program:    6674 bytes (20.4% Full)
(.text + .data + .bootloader)

Data:        111 bytes (5.4% Full)
(.data + .bss + .noinit)


Finished building: sizedummy
 
21:12:27 **** Incremental Build of configuration Debug for project Arst ****
make all 
Invoking: Print Size
avr-size --format=avr --mcu=atmega328p Arst.elf
AVR Memory Usage
----------------
Device: atmega328p

Program:    6674 bytes (20.4% Full)
(.text + .data + .bootloader)

Data:        111 bytes (5.4% Full)
(.data + .bss + .noinit)


Finished building: sizedummy
 
21:12:44 **** Incremental Build of configuration Debug for project Arst ****
make all 
Invoking: Print Size
avr-size --format=avr --mcu=atmega328p Arst.elf
AVR Memory Usage
----------------
Device: atmega328p

Program:    6674 bytes (20.4% Full)
(.text + .data + .bootloader)

Data:        111 bytes (5.4% Full)
(.data + .bss + .noinit)


Finished building: sizedummy
 
21:16:00 **** Incremental Build of configuration Debug for project Arst ****
make all 
Invoking: Print Size
avr-size --format=avr --mcu=atmega328p Arst.elf
AVR Memory Usage
----------------
Device: atmega328p

Program:    6674 bytes (20.4% Full)
(.text + .data + .bootloader)

Data:        111 bytes (5.4% Full)
(.data + .bss + .noinit)


Finished building: sizedummy
 
21:29:34 **** Incremental Build of configuration Debug for project Arst ****
make all 
Invoking: Print Size
avr-size --format=avr --mcu=atmega328p Arst.elf
AVR Memory Usage
----------------
Device: atmega328p

Program:    6674 bytes (20.4% Full)
(.text + .data + .bootloader)

Data:        111 bytes (5.4% Full)
(.data + .bss + .noinit)


Finished building: sizedummy
 
21:30:37 **** Incremental Build of configuration Debug for project Arst ****
make all 
Invoking: Print Size
avr-size --format=avr --mcu=atmega328p Arst.elf
AVR Memory Usage
----------------
Device: atmega328p

Program:    6674 bytes (20.4% Full)
(.text + .data + .bootloader)

Data:        111 bytes (5.4% Full)
(.data + .bss + .noinit)


Finished building: sizedummy
 
21:31:39 **** Incremental Build of configuration Debug for project Arst ****
make all 
Invoking: Print Size
avr-size --format=avr --mcu=atmega328p Arst.elf
AVR Memory Usage
----------------
Device: atmega328p

Program:    6674 bytes (20.4% Full)
(.text + .data + .bootloader)

Data:        111 bytes (5.4% Full)
(.data + .bss + .noinit)


Finished building: sizedummy
 
21:32:18 **** Incremental Build of configuration Debug for project Arst ****
make all 
Invoking: Print Size
avr-size --format=avr --mcu=atmega328p Arst.elf
AVR Memory Usage
----------------
Device: atmega328p

Program:    6674 bytes (20.4% Full)
(.text + .data + .bootloader)

Data:        111 bytes (5.4% Full)
(.data + .bss + .noinit)


Finished building: sizedummy
 
21:50:19 **** Incremental Build of configuration Debug for project Arst ****
make all 
Invoking: Print Size
avr-size --format=avr --mcu=atmega328p Arst.elf
AVR Memory Usage
----------------
Device: atmega328p

Program:    6674 bytes (20.4% Full)
(.text + .data + .bootloader)

Data:        111 bytes (5.4% Full)
(.data + .bss + .noinit)


Finished building: sizedummy
 
21:50:41 **** Incremental Build of configuration Debug for project Arst ****
make all 
Invoking: Print Size
avr-size --format=avr --mcu=atmega328p Arst.elf
AVR Memory Usage
----------------
Device: atmega328p

Program:    6674 bytes (20.4% Full)
(.text + .data + .bootloader)

Data:        111 bytes (5.4% Full)
(.data + .bss + .noinit)


Finished building: sizedummy
 
21:50:58 **** Incremental Build of configuration Debug for project Arst ****
make all 
Invoking: Print Size
avr-size --format=avr --mcu=atmega328p Arst.elf
AVR Memory Usage
----------------
Device: atmega328p

Program:    6674 bytes (20.4% Full)
(.text + .data + .bootloader)

Data:        111 bytes (5.4% Full)
(.data + .bss + .noinit)


Finished building: sizedummy
 
22:02:21 **** Incremental Build of configuration Debug for project Arst ****
make all 
Invoking: Print Size
avr-size --format=avr --mcu=atmega328p Arst.elf
AVR Memory Usage
----------------
Device: atmega328p

Program:    6674 bytes (20.4% Full)
(.text + .data + .bootloader)

Data:        111 bytes (5.4% Full)
(.data + .bss + .noinit)


Finished building: sizedummy
 
22:02:55 **** Incremental Build of configuration Debug for project Arst ****
make all 
Invoking: Print Size
avr-size --format=avr --mcu=atmega328p Arst.elf
AVR Memory Usage
----------------
Device: atmega328p

Program:    6674 bytes (20.4% Full)
(.text + .data + .bootloader)

Data:        111 bytes (5.4% Full)
(.data + .bss + .noinit)


Finished building: sizedummy
 
22:05:25 **** Incremental Build of configuration Debug for project Arst ****
make all 
Invoking: Print Size
avr-size --format=avr --mcu=atmega328p Arst.elf
AVR Memory Usage
----------------
Device: atmega328p

Program:    6674 bytes (20.4% Full)
(.text + .data + .bootloader)

Data:        111 bytes (5.4% Full)
(.data + .bss + .noinit)


Finished building: sizedummy
 
22:06:47 **** Incremental Build of configuration Debug for project Arst ****
make all 
Invoking: Print Size
avr-size --format=avr --mcu=atmega328p Arst.elf
AVR Memory Usage
----------------
Device: atmega328p

Program:    6674 bytes (20.4% Full)
(.text + .data + .bootloader)

Data:        111 bytes (5.4% Full)
(.data + .bss + .noinit)


Finished building: sizedummy
 
22:15:50 **** Incremental Build of configuration Debug for project Arst ****
make all 
Invoking: Print Size
avr-size --format=avr --mcu=atmega328p Arst.elf
AVR Memory Usage
----------------
Device: atmega328p

Program:    6674 bytes (20.4% Full)
(.text + .data + .bootloader)

Data:        111 bytes (5.4% Full)
(.data + .bss + .noinit)


Finished building: sizedummy
 
22:20:34 **** Incremental Build of configuration Debug for project Arst ****
make all 
Invoking: Print Size
avr-size --format=avr --mcu=atmega328p Arst.elf
AVR Memory Usage
----------------
Device: atmega328p

Program:    6674 bytes (20.4% Full)
(.text + .data + .bootloader)

Data:        111 bytes (5.4% Full)
(.data + .bss + .noinit)


Finished building: sizedummy
 
22:26:28 **** Incremental Build of configuration Debug for project Arst ****
make all 
Invoking: Print Size
avr-size --format=avr --mcu=atmega328p Arst.elf
AVR Memory Usage
----------------
Device: atmega328p

Program:    6674 bytes (20.4% Full)
(.text + .data + .bootloader)

Data:        111 bytes (5.4% Full)
(.data + .bss + .noinit)


Finished building: sizedummy
 
22:28:14 **** Incremental Build of configuration Debug for project Arst ****
make all 
Invoking: Print Size
avr-size --format=avr --mcu=atmega328p Arst.elf
AVR Memory Usage
----------------
Device: atmega328p

Program:    6674 bytes (20.4% Full)
(.text + .data + .bootloader)

Data:        111 bytes (5.4% Full)
(.data + .bss + .noinit)


Finished building: sizedummy
 
22:28:24 **** Incremental Build of configuration Debug for project Arst ****
make all 
Invoking: Print Size
avr-size --format=avr --mcu=atmega328p Arst.elf
AVR Memory Usage
----------------
Device: atmega328p

Program:    6674 bytes (20.4% Full)
(.text + .data + .bootloader)

Data:        111 bytes (5.4% Full)
(.data + .bss + .noinit)


Finished building: sizedummy
 
22:28:28 **** Incremental Build of configuration Debug for project Arst ****
make all 
Invoking: Print Size
avr-size --format=avr --mcu=atmega328p Arst.elf
AVR Memory Usage
----------------
Device: atmega328p

Program:    6674 bytes (20.4% Full)
(.text + .data + .bootloader)

Data:        111 bytes (5.4% Full)
(.data + .bss + .noinit)


Finished building: sizedummy
 
22:48:35 **** Incremental Build of configuration Debug for project Arst ****
make all 
Invoking: Print Size
avr-size --format=avr --mcu=atmega328p Arst.elf
AVR Memory Usage
----------------
Device: atmega328p

Program:    6674 bytes (20.4% Full)
(.text + .data + .bootloader)

Data:        111 bytes (5.4% Full)
(.data + .bss + .noinit)


Finished building: sizedummy
 
22:58:17 **** Incremental Build of configuration Debug for project Arst ****
make all 
Invoking: AVR Create Extended Listing
avr-objdump -h -S Arst.elf  >"Arst.lss"
make: [Arst.lss] Error 1 (ignored)
Finished building: Arst.lss
 
Invoking: Print Size
avr-size --format=avr --mcu=atmega328p Arst.elf
make: [sizedummy] Error 1 (ignored)
Finished building: sizedummy
 
22:59:40 **** Incremental Build of configuration Debug for project Arst ****
make all 
Invoking: Print Size
avr-size --format=avr --mcu=atmega328p Arst.elf
Finished building: sizedummy
 
make: [sizedummy] Error 1 (ignored)
22:59:48 **** Incremental Build of configuration Debug for project Arst ****
make all 
Invoking: Print Size
make: [sizedummy] Error 1 (ignored)
avr-size --format=avr --mcu=atmega328p Arst.elf
Finished building: sizedummy
 
22:59:55 **** Incremental Build of configuration Debug for project Arst ****
make all 
Invoking: Print Size
make: [sizedummy] Error 1 (ignored)
avr-size --format=avr --mcu=atmega328p Arst.elf
Finished building: sizedummy
 
23:01:24 **** Incremental Build of configuration Debug for project Arst ****
make all 
Building target: Arst.elf
Invoking: AVR C++ Linker
avr-g++ -Wl,-Map,Arst.map,--cref -mmcu=atmega328p -o "Arst.elf"  ./src/main.o   -lpololu_atmega328p
Finished building target: Arst.elf
 
Invoking: AVR Create Extended Listing
avr-objdump -h -S Arst.elf  >"Arst.lss"
Finished building: Arst.lss
 
Invoking: Print Size
avr-size --format=avr --mcu=atmega328p Arst.elf
AVR Memory Usage
----------------
Device: atmega328p

Program:    6674 bytes (20.4% Full)
(.text + .data + .bootloader)

Data:        111 bytes (5.4% Full)
(.data + .bss + .noinit)


Finished building: sizedummy
 
23:01:46 **** Incremental Build of configuration Debug for project Arst ****
make all 
Invoking: Print Size
avr-size --format=avr --mcu=atmega328p Arst.elf
AVR Memory Usage
----------------
Device: atmega328p

Program:    6674 bytes (20.4% Full)
(.text + .data + .bootloader)

Data:        111 bytes (5.4% Full)
(.data + .bss + .noinit)


Finished building: sizedummy
 
23:02:03 **** Incremental Build of configuration Debug for project Arst ****
make all 
Invoking: Print Size
avr-size --format=avr --mcu=atmega328p Arst.elf
AVR Memory Usage
----------------
Device: atmega328p

Program:    6674 bytes (20.4% Full)
(.text + .data + .bootloader)

Data:        111 bytes (5.4% Full)
(.data + .bss + .noinit)


Finished building: sizedummy
 
00:59:15 **** Incremental Build of configuration Debug for project Arst ****
make all 
Invoking: Print Size
avr-size --format=avr --mcu=atmega328p Arst.elf
AVR Memory Usage
----------------
Device: atmega328p

Program:    6674 bytes (20.4% Full)
(.text + .data + .bootloader)

Data:        111 bytes (5.4% Full)
(.data + .bss + .noinit)


Finished building: sizedummy
 
00:59:19 **** Incremental Build of configuration Debug for project Arst ****
make all 
Invoking: Print Size
avr-size --format=avr --mcu=atmega328p Arst.elf
AVR Memory Usage
----------------
Device: atmega328p

Program:    6674 bytes (20.4% Full)
(.text + .data + .bootloader)

Data:        111 bytes (5.4% Full)
(.data + .bss + .noinit)


Finished building: sizedummy
 
00:59:53 **** Incremental Build of configuration Debug for project Arst ****
make all 
Invoking: Print Size
avr-size --format=avr --mcu=atmega328p Arst.elf
AVR Memory Usage
----------------
Device: atmega328p

Program:    6674 bytes (20.4% Full)
(.text + .data + .bootloader)

Data:        111 bytes (5.4% Full)
(.data + .bss + .noinit)


Finished building: sizedummy
 
01:01:23 **** Incremental Build of configuration Debug for project Arst ****
make all 
Invoking: Print Size
avr-size --format=avr --mcu=atmega328p Arst.elf
AVR Memory Usage
----------------
Device: atmega328p

Program:    6674 bytes (20.4% Full)
(.text + .data + .bootloader)

Data:        111 bytes (5.4% Full)
(.data + .bss + .noinit)


Finished building: sizedummy
 
01:03:08 **** Incremental Build of configuration Debug for project Arst ****
make all 
Invoking: Print Size
avr-size --format=avr --mcu=atmega328p Arst.elf
AVR Memory Usage
----------------
Device: atmega328p

Program:    6674 bytes (20.4% Full)
(.text + .data + .bootloader)

Data:        111 bytes (5.4% Full)
(.data + .bss + .noinit)


Finished building: sizedummy
 
01:03:26 **** Incremental Build of configuration Debug for project Arst ****
make all 
Invoking: Print Size
avr-size --format=avr --mcu=atmega328p Arst.elf
AVR Memory Usage
----------------
Device: atmega328p

Program:    6674 bytes (20.4% Full)
(.text + .data + .bootloader)

Data:        111 bytes (5.4% Full)
(.data + .bss + .noinit)


Finished building: sizedummy
 
01:03:49 **** Incremental Build of configuration Debug for project Arst ****
make all 
Invoking: Print Size
avr-size --format=avr --mcu=atmega328p Arst.elf
AVR Memory Usage
----------------
Device: atmega328p

Program:    6674 bytes (20.4% Full)
(.text + .data + .bootloader)

Data:        111 bytes (5.4% Full)
(.data + .bss + .noinit)


Finished building: sizedummy
 
01:04:16 **** Incremental Build of configuration Debug for project Arst ****
make all 
Invoking: Print Size
avr-size --format=avr --mcu=atmega328p Arst.elf
AVR Memory Usage
----------------
Device: atmega328p

Program:    6674 bytes (20.4% Full)
(.text + .data + .bootloader)

Data:        111 bytes (5.4% Full)
(.data + .bss + .noinit)


Finished building: sizedummy
 
01:04:20 **** Incremental Build of configuration Debug for project Arst ****
make all 
Invoking: Print Size
avr-size --format=avr --mcu=atmega328p Arst.elf
AVR Memory Usage
----------------
Device: atmega328p

Program:    6674 bytes (20.4% Full)
(.text + .data + .bootloader)

Data:        111 bytes (5.4% Full)
(.data + .bss + .noinit)


Finished building: sizedummy
 
01:05:45 **** Incremental Build of configuration Debug for project Arst ****
make all 
Invoking: Print Size
avr-size --format=avr --mcu=atmega328p Arst.elf
AVR Memory Usage
----------------
Device: atmega328p

Program:    6674 bytes (20.4% Full)
(.text + .data + .bootloader)

Data:        111 bytes (5.4% Full)
(.data + .bss + .noinit)


Finished building: sizedummy
 
01:06:32 **** Incremental Build of configuration Debug for project Arst ****
make all 
Invoking: Print Size
avr-size --format=avr --mcu=atmega328p Arst.elf
AVR Memory Usage
----------------
Device: atmega328p

Program:    6674 bytes (20.4% Full)
(.text + .data + .bootloader)

Data:        111 bytes (5.4% Full)
(.data + .bss + .noinit)


Finished building: sizedummy
 
01:07:23 **** Incremental Build of configuration Debug for project Arst ****
make all 
Invoking: Print Size
avr-size --format=avr --mcu=atmega328p Arst.elf
AVR Memory Usage
----------------
Device: atmega328p

Program:    6674 bytes (20.4% Full)
(.text + .data + .bootloader)

Data:        111 bytes (5.4% Full)
(.data + .bss + .noinit)


Finished building: sizedummy
 
01:07:47 **** Incremental Build of configuration Debug for project Arst ****
make all 
Invoking: Print Size
avr-size --format=avr --mcu=atmega328p Arst.elf
AVR Memory Usage
----------------
Device: atmega328p

Program:    6674 bytes (20.4% Full)
(.text + .data + .bootloader)

Data:        111 bytes (5.4% Full)
(.data + .bss + .noinit)


Finished building: sizedummy
 
01:11:14 **** Incremental Build of configuration Debug for project Arst ****
make all 
Invoking: Print Size
avr-size --format=avr --mcu=atmega328p Arst.elf
AVR Memory Usage
----------------
Device: atmega328p

Program:    6674 bytes (20.4% Full)
(.text + .data + .bootloader)

Data:        111 bytes (5.4% Full)
(.data + .bss + .noinit)


Finished building: sizedummy
 
01:21:09 **** Incremental Build of configuration Debug for project Arst ****
make all 
Invoking: Print Size
avr-size --format=avr --mcu=atmega328p Arst.elf
AVR Memory Usage
----------------
Device: atmega328p

Program:    6674 bytes (20.4% Full)
(.text + .data + .bootloader)

Data:        111 bytes (5.4% Full)
(.data + .bss + .noinit)


Finished building: sizedummy
 
01:21:13 **** Incremental Build of configuration Debug for project Arst ****
make all 
Invoking: Print Size
avr-size --format=avr --mcu=atmega328p Arst.elf
AVR Memory Usage
----------------
Device: atmega328p

Program:    6674 bytes (20.4% Full)
(.text + .data + .bootloader)

Data:        111 bytes (5.4% Full)
(.data + .bss + .noinit)


Finished building: sizedummy
 
01:43:50 **** Incremental Build of configuration Debug for project Arst ****
make all 
Invoking: Print Size
avr-size --format=avr --mcu=atmega328p Arst.elf
AVR Memory Usage
----------------
Device: atmega328p

Program:    6674 bytes (20.4% Full)
(.text + .data + .bootloader)

Data:        111 bytes (5.4% Full)
(.data + .bss + .noinit)


Finished building: sizedummy
 
01:44:03 **** Incremental Build of configuration Debug for project Arst ****
make all 
Invoking: Print Size
avr-size --format=avr --mcu=atmega328p Arst.elf
AVR Memory Usage
----------------
Device: atmega328p

Program:    6674 bytes (20.4% Full)
(.text + .data + .bootloader)

Data:        111 bytes (5.4% Full)
(.data + .bss + .noinit)


Finished building: sizedummy
 
01:44:22 **** Incremental Build of configuration Debug for project Arst ****
make all 
Invoking: Print Size
avr-size --format=avr --mcu=atmega328p Arst.elf
AVR Memory Usage
----------------
Device: atmega328p

Program:    6674 bytes (20.4% Full)
(.text + .data + .bootloader)

Data:        111 bytes (5.4% Full)
(.data + .bss + .noinit)


Finished building: sizedummy
 
01:44:36 **** Incremental Build of configuration Debug for project Arst ****
make all 
Invoking: Print Size
avr-size --format=avr --mcu=atmega328p Arst.elf
AVR Memory Usage
----------------
Device: atmega328p

Program:    6674 bytes (20.4% Full)
(.text + .data + .bootloader)

Data:        111 bytes (5.4% Full)
(.data + .bss + .noinit)


Finished building: sizedummy
 
01:45:59 **** Incremental Build of configuration Debug for project Arst ****
make all 
Invoking: Print Size
avr-size --format=avr --mcu=atmega328p Arst.elf
AVR Memory Usage
----------------
Device: atmega328p

Program:    6674 bytes (20.4% Full)
(.text + .data + .bootloader)

Data:        111 bytes (5.4% Full)
(.data + .bss + .noinit)


Finished building: sizedummy
 
01:46:48 **** Incremental Build of configuration Debug for project Arst ****
make all 
Invoking: Print Size
avr-size --format=avr --mcu=atmega328p Arst.elf
AVR Memory Usage
----------------
Device: atmega328p

Program:    6674 bytes (20.4% Full)
(.text + .data + .bootloader)

Data:        111 bytes (5.4% Full)
(.data + .bss + .noinit)


Finished building: sizedummy
 
